{ error: 
   { Error
    at Object.<anonymous> (/Users/gerardg/Dev/github/portfolio-projects/social-app-server-v1/app/errors/queries/validateFields/index.js:79:41)
    at Module._compile (module.js:653:30)
    at Object.Module._extensions..js (module.js:664:10)
    at Module.load (module.js:566:32)
    at tryModuleLoad (module.js:506:12)
    at Function.Module._load (module.js:498:3)
    at Module.require (module.js:597:17)
    at require (internal/module.js:11:18)
    at Object.<anonymous> (/Users/gerardg/Dev/github/portfolio-projects/social-app-server-v1/app/queries/validateFields/activity.js:3:11)
    at Module._compile (module.js:653:30)
    at Object.Module._extensions..js (module.js:664:10)
    at Module.load (module.js:566:32)
    at tryModuleLoad (module.js:506:12)
    at Function.Module._load (module.js:498:3)
    at Module.require (module.js:597:17)
    at require (internal/module.js:11:18)
    at Object.<anonymous> (/Users/gerardg/Dev/github/portfolio-projects/social-app-server-v1/app/queries/validateFields/index.js:2:13)
    at Module._compile (module.js:653:30)
    at Object.Module._extensions..js (module.js:664:10)
    at Module.load (module.js:566:32)
    at tryModuleLoad (module.js:506:12)
    at Function.Module._load (module.js:498:3)
    at Module.require (module.js:597:17)
    at require (internal/module.js:11:18)
    at Object.<anonymous> (/Users/gerardg/Dev/github/portfolio-projects/social-app-server-v1/app/queries/index.js:4:19)
    at Module._compile (module.js:653:30)
    at Object.Module._extensions..js (module.js:664:10)
    at Module.load (module.js:566:32)
    at tryModuleLoad (module.js:506:12)
    at Function.Module._load (module.js:498:3)
    at Module.require (module.js:597:17)
    at require (internal/module.js:11:18)
    at Object.<anonymous> (/Users/gerardg/Dev/github/portfolio-projects/social-app-server-v1/tests/test/queries/features/activity/create/new.js:7:11)
    at Module._compile (module.js:653:30)
    at Object.Module._extensions..js (module.js:664:10)
    at Module.load (module.js:566:32)
    at tryModuleLoad (module.js:506:12)
    at Function.Module._load (module.js:498:3)
    at Module.require (module.js:597:17)
    at require (internal/module.js:11:18)
    at /Users/gerardg/Dev/github/portfolio-projects/social-app-server-v1/node_modules/mocha/lib/mocha.js:231:27
    at Array.forEach (<anonymous>)
    at Mocha.loadFiles (/Users/gerardg/Dev/github/portfolio-projects/social-app-server-v1/node_modules/mocha/lib/mocha.js:228:14)
    at Mocha.run (/Users/gerardg/Dev/github/portfolio-projects/social-app-server-v1/node_modules/mocha/lib/mocha.js:536:10)
    at Object.<anonymous> (/Users/gerardg/Dev/github/portfolio-projects/social-app-server-v1/node_modules/mocha/bin/_mocha:573:18)
    at Module._compile (module.js:653:30)
    at Object.Module._extensions..js (module.js:664:10)
    at Module.load (module.js:566:32)
    at tryModuleLoad (module.js:506:12)
    at Function.Module._load (module.js:498:3)
    at Function.Module.runMain (module.js:694:10)
    at startup (bootstrap_node.js:204:16)
    at bootstrap_node.js:625:3
     customErr: 'FieldsValidationError',
     name: 'UpdateFieldsValidationError',
     message: 'Validation Errors Were Found When Updating Existing Doc.',
     httpStatusCode: '',
     internalErrorCode: '',
     developerMessage: '',
     moreInfo: { errorsArr: [], errorsObj: {} } },
  level: 'error',
  message: 'uncaughtException: Validation Errors Were Found When Updating Existing Doc.\nError\n    at Object.<anonymous> (/Users/gerardg/Dev/github/portfolio-projects/social-app-server-v1/app/errors/queries/validateFields/index.js:79:41)\n    at Module._compile (module.js:653:30)\n    at Object.Module._extensions..js (module.js:664:10)\n    at Module.load (module.js:566:32)\n    at tryModuleLoad (module.js:506:12)\n    at Function.Module._load (module.js:498:3)\n    at Module.require (module.js:597:17)\n    at require (internal/module.js:11:18)\n    at Object.<anonymous> (/Users/gerardg/Dev/github/portfolio-projects/social-app-server-v1/app/queries/validateFields/activity.js:3:11)\n    at Module._compile (module.js:653:30)\n    at Object.Module._extensions..js (module.js:664:10)\n    at Module.load (module.js:566:32)\n    at tryModuleLoad (module.js:506:12)\n    at Function.Module._load (module.js:498:3)\n    at Module.require (module.js:597:17)\n    at require (internal/module.js:11:18)\n    at Object.<anonymous> (/Users/gerardg/Dev/github/portfolio-projects/social-app-server-v1/app/queries/validateFields/index.js:2:13)\n    at Module._compile (module.js:653:30)\n    at Object.Module._extensions..js (module.js:664:10)\n    at Module.load (module.js:566:32)\n    at tryModuleLoad (module.js:506:12)\n    at Function.Module._load (module.js:498:3)\n    at Module.require (module.js:597:17)\n    at require (internal/module.js:11:18)\n    at Object.<anonymous> (/Users/gerardg/Dev/github/portfolio-projects/social-app-server-v1/app/queries/index.js:4:19)\n    at Module._compile (module.js:653:30)\n    at Object.Module._extensions..js (module.js:664:10)\n    at Module.load (module.js:566:32)\n    at tryModuleLoad (module.js:506:12)\n    at Function.Module._load (module.js:498:3)\n    at Module.require (module.js:597:17)\n    at require (internal/module.js:11:18)\n    at Object.<anonymous> (/Users/gerardg/Dev/github/portfolio-projects/social-app-server-v1/tests/test/queries/features/activity/create/new.js:7:11)\n    at Module._compile (module.js:653:30)\n    at Object.Module._extensions..js (module.js:664:10)\n    at Module.load (module.js:566:32)\n    at tryModuleLoad (module.js:506:12)\n    at Function.Module._load (module.js:498:3)\n    at Module.require (module.js:597:17)\n    at require (internal/module.js:11:18)\n    at /Users/gerardg/Dev/github/portfolio-projects/social-app-server-v1/node_modules/mocha/lib/mocha.js:231:27\n    at Array.forEach (<anonymous>)\n    at Mocha.loadFiles (/Users/gerardg/Dev/github/portfolio-projects/social-app-server-v1/node_modules/mocha/lib/mocha.js:228:14)\n    at Mocha.run (/Users/gerardg/Dev/github/portfolio-projects/social-app-server-v1/node_modules/mocha/lib/mocha.js:536:10)\n    at Object.<anonymous> (/Users/gerardg/Dev/github/portfolio-projects/social-app-server-v1/node_modules/mocha/bin/_mocha:573:18)\n    at Module._compile (module.js:653:30)\n    at Object.Module._extensions..js (module.js:664:10)\n    at Module.load (module.js:566:32)\n    at tryModuleLoad (module.js:506:12)\n    at Function.Module._load (module.js:498:3)\n    at Function.Module.runMain (module.js:694:10)\n    at startup (bootstrap_node.js:204:16)\n    at bootstrap_node.js:625:3',
  stack: 'Error\n    at Object.<anonymous> (/Users/gerardg/Dev/github/portfolio-projects/social-app-server-v1/app/errors/queries/validateFields/index.js:79:41)\n    at Module._compile (module.js:653:30)\n    at Object.Module._extensions..js (module.js:664:10)\n    at Module.load (module.js:566:32)\n    at tryModuleLoad (module.js:506:12)\n    at Function.Module._load (module.js:498:3)\n    at Module.require (module.js:597:17)\n    at require (internal/module.js:11:18)\n    at Object.<anonymous> (/Users/gerardg/Dev/github/portfolio-projects/social-app-server-v1/app/queries/validateFields/activity.js:3:11)\n    at Module._compile (module.js:653:30)\n    at Object.Module._extensions..js (module.js:664:10)\n    at Module.load (module.js:566:32)\n    at tryModuleLoad (module.js:506:12)\n    at Function.Module._load (module.js:498:3)\n    at Module.require (module.js:597:17)\n    at require (internal/module.js:11:18)\n    at Object.<anonymous> (/Users/gerardg/Dev/github/portfolio-projects/social-app-server-v1/app/queries/validateFields/index.js:2:13)\n    at Module._compile (module.js:653:30)\n    at Object.Module._extensions..js (module.js:664:10)\n    at Module.load (module.js:566:32)\n    at tryModuleLoad (module.js:506:12)\n    at Function.Module._load (module.js:498:3)\n    at Module.require (module.js:597:17)\n    at require (internal/module.js:11:18)\n    at Object.<anonymous> (/Users/gerardg/Dev/github/portfolio-projects/social-app-server-v1/app/queries/index.js:4:19)\n    at Module._compile (module.js:653:30)\n    at Object.Module._extensions..js (module.js:664:10)\n    at Module.load (module.js:566:32)\n    at tryModuleLoad (module.js:506:12)\n    at Function.Module._load (module.js:498:3)\n    at Module.require (module.js:597:17)\n    at require (internal/module.js:11:18)\n    at Object.<anonymous> (/Users/gerardg/Dev/github/portfolio-projects/social-app-server-v1/tests/test/queries/features/activity/create/new.js:7:11)\n    at Module._compile (module.js:653:30)\n    at Object.Module._extensions..js (module.js:664:10)\n    at Module.load (module.js:566:32)\n    at tryModuleLoad (module.js:506:12)\n    at Function.Module._load (module.js:498:3)\n    at Module.require (module.js:597:17)\n    at require (internal/module.js:11:18)\n    at /Users/gerardg/Dev/github/portfolio-projects/social-app-server-v1/node_modules/mocha/lib/mocha.js:231:27\n    at Array.forEach (<anonymous>)\n    at Mocha.loadFiles (/Users/gerardg/Dev/github/portfolio-projects/social-app-server-v1/node_modules/mocha/lib/mocha.js:228:14)\n    at Mocha.run (/Users/gerardg/Dev/github/portfolio-projects/social-app-server-v1/node_modules/mocha/lib/mocha.js:536:10)\n    at Object.<anonymous> (/Users/gerardg/Dev/github/portfolio-projects/social-app-server-v1/node_modules/mocha/bin/_mocha:573:18)\n    at Module._compile (module.js:653:30)\n    at Object.Module._extensions..js (module.js:664:10)\n    at Module.load (module.js:566:32)\n    at tryModuleLoad (module.js:506:12)\n    at Function.Module._load (module.js:498:3)\n    at Function.Module.runMain (module.js:694:10)\n    at startup (bootstrap_node.js:204:16)\n    at bootstrap_node.js:625:3',
  exception: true,
  date: 'Thu Nov 29 2018 02:58:43 GMT-0600 (CST)',
  process: 
   { pid: 88665,
     uid: 501,
     gid: 20,
     cwd: '/Users/gerardg/Dev/github/portfolio-projects/social-app-server-v1',
     execPath: '/usr/local/bin/node',
     version: 'v8.12.0',
     argv: 
      [ '/usr/local/bin/node',
        '/Users/gerardg/Dev/github/portfolio-projects/social-app-server-v1/node_modules/mocha/bin/_mocha',
        '--timeout',
        '10000',
        '--recursive',
        'tests/test/queries/features/' ],
     memoryUsage: 
      { rss: 89563136,
        heapTotal: 113643520,
        heapUsed: 64457368,
        external: 31553652 } },
  os: 
   { loadavg: [ 31.248046875, 18.84130859375, 17.458984375 ],
     uptime: 121553 },
  trace: 
   [ { column: 41,
       file: '/Users/gerardg/Dev/github/portfolio-projects/social-app-server-v1/app/errors/queries/validateFields/index.js',
       function: null,
       line: 79,
       method: null,
       native: false },
     { column: 30,
       file: 'module.js',
       function: 'Module._compile',
       line: 653,
       method: '_compile',
       native: false },
     { column: 10,
       file: 'module.js',
       function: 'Module._extensions..js',
       line: 664,
       method: '.js',
       native: false },
     { column: 32,
       file: 'module.js',
       function: 'Module.load',
       line: 566,
       method: 'load',
       native: false },
     { column: 12,
       file: 'module.js',
       function: 'tryModuleLoad',
       line: 506,
       method: null,
       native: false },
     { column: 3,
       file: 'module.js',
       function: 'Module._load',
       line: 498,
       method: '_load',
       native: false },
     { column: 17,
       file: 'module.js',
       function: 'Module.require',
       line: 597,
       method: 'require',
       native: false },
     { column: 18,
       file: 'internal/module.js',
       function: 'require',
       line: 11,
       method: null,
       native: false },
     { column: 11,
       file: '/Users/gerardg/Dev/github/portfolio-projects/social-app-server-v1/app/queries/validateFields/activity.js',
       function: null,
       line: 3,
       method: null,
       native: false },
     { column: 30,
       file: 'module.js',
       function: 'Module._compile',
       line: 653,
       method: '_compile',
       native: false },
     { column: 10,
       file: 'module.js',
       function: 'Module._extensions..js',
       line: 664,
       method: '.js',
       native: false },
     { column: 32,
       file: 'module.js',
       function: 'Module.load',
       line: 566,
       method: 'load',
       native: false },
     { column: 12,
       file: 'module.js',
       function: 'tryModuleLoad',
       line: 506,
       method: null,
       native: false },
     { column: 3,
       file: 'module.js',
       function: 'Module._load',
       line: 498,
       method: '_load',
       native: false },
     { column: 17,
       file: 'module.js',
       function: 'Module.require',
       line: 597,
       method: 'require',
       native: false },
     { column: 18,
       file: 'internal/module.js',
       function: 'require',
       line: 11,
       method: null,
       native: false },
     { column: 13,
       file: '/Users/gerardg/Dev/github/portfolio-projects/social-app-server-v1/app/queries/validateFields/index.js',
       function: null,
       line: 2,
       method: null,
       native: false },
     { column: 30,
       file: 'module.js',
       function: 'Module._compile',
       line: 653,
       method: '_compile',
       native: false },
     { column: 10,
       file: 'module.js',
       function: 'Module._extensions..js',
       line: 664,
       method: '.js',
       native: false },
     { column: 32,
       file: 'module.js',
       function: 'Module.load',
       line: 566,
       method: 'load',
       native: false },
     { column: 12,
       file: 'module.js',
       function: 'tryModuleLoad',
       line: 506,
       method: null,
       native: false },
     { column: 3,
       file: 'module.js',
       function: 'Module._load',
       line: 498,
       method: '_load',
       native: false },
     { column: 17,
       file: 'module.js',
       function: 'Module.require',
       line: 597,
       method: 'require',
       native: false },
     { column: 18,
       file: 'internal/module.js',
       function: 'require',
       line: 11,
       method: null,
       native: false },
     { column: 19,
       file: '/Users/gerardg/Dev/github/portfolio-projects/social-app-server-v1/app/queries/index.js',
       function: null,
       line: 4,
       method: null,
       native: false },
     { column: 30,
       file: 'module.js',
       function: 'Module._compile',
       line: 653,
       method: '_compile',
       native: false },
     { column: 10,
       file: 'module.js',
       function: 'Module._extensions..js',
       line: 664,
       method: '.js',
       native: false },
     { column: 32,
       file: 'module.js',
       function: 'Module.load',
       line: 566,
       method: 'load',
       native: false },
     { column: 12,
       file: 'module.js',
       function: 'tryModuleLoad',
       line: 506,
       method: null,
       native: false },
     { column: 3,
       file: 'module.js',
       function: 'Module._load',
       line: 498,
       method: '_load',
       native: false },
     { column: 17,
       file: 'module.js',
       function: 'Module.require',
       line: 597,
       method: 'require',
       native: false },
     { column: 18,
       file: 'internal/module.js',
       function: 'require',
       line: 11,
       method: null,
       native: false },
     { column: 11,
       file: '/Users/gerardg/Dev/github/portfolio-projects/social-app-server-v1/tests/test/queries/features/activity/create/new.js',
       function: null,
       line: 7,
       method: null,
       native: false },
     { column: 30,
       file: 'module.js',
       function: 'Module._compile',
       line: 653,
       method: '_compile',
       native: false },
     { column: 10,
       file: 'module.js',
       function: 'Module._extensions..js',
       line: 664,
       method: '.js',
       native: false },
     { column: 32,
       file: 'module.js',
       function: 'Module.load',
       line: 566,
       method: 'load',
       native: false },
     { column: 12,
       file: 'module.js',
       function: 'tryModuleLoad',
       line: 506,
       method: null,
       native: false },
     { column: 3,
       file: 'module.js',
       function: 'Module._load',
       line: 498,
       method: '_load',
       native: false },
     { column: 17,
       file: 'module.js',
       function: 'Module.require',
       line: 597,
       method: 'require',
       native: false },
     { column: 18,
       file: 'internal/module.js',
       function: 'require',
       line: 11,
       method: null,
       native: false },
     { column: 27,
       file: '/Users/gerardg/Dev/github/portfolio-projects/social-app-server-v1/node_modules/mocha/lib/mocha.js',
       function: null,
       line: 231,
       method: null,
       native: false },
     { column: null,
       file: null,
       function: 'Array.forEach',
       line: null,
       method: 'forEach',
       native: false },
     { column: 14,
       file: '/Users/gerardg/Dev/github/portfolio-projects/social-app-server-v1/node_modules/mocha/lib/mocha.js',
       function: 'Mocha.loadFiles',
       line: 228,
       method: 'loadFiles',
       native: false },
     { column: 10,
       file: '/Users/gerardg/Dev/github/portfolio-projects/social-app-server-v1/node_modules/mocha/lib/mocha.js',
       function: 'Mocha.run',
       line: 536,
       method: 'run',
       native: false },
     { column: 18,
       file: '/Users/gerardg/Dev/github/portfolio-projects/social-app-server-v1/node_modules/mocha/bin/_mocha',
       function: null,
       line: 573,
       method: null,
       native: false },
     { column: 30,
       file: 'module.js',
       function: 'Module._compile',
       line: 653,
       method: '_compile',
       native: false },
     { column: 10,
       file: 'module.js',
       function: 'Module._extensions..js',
       line: 664,
       method: '.js',
       native: false },
     { column: 32,
       file: 'module.js',
       function: 'Module.load',
       line: 566,
       method: 'load',
       native: false },
     { column: 12,
       file: 'module.js',
       function: 'tryModuleLoad',
       line: 506,
       method: null,
       native: false },
     { column: 3,
       file: 'module.js',
       function: 'Module._load',
       line: 498,
       method: '_load',
       native: false },
     { column: 10,
       file: 'module.js',
       function: 'Module.runMain',
       line: 694,
       method: 'runMain',
       native: false },
     { column: 16,
       file: 'bootstrap_node.js',
       function: 'startup',
       line: 204,
       method: null,
       native: false },
     { column: 3,
       file: 'bootstrap_node.js',
       function: null,
       line: 625,
       method: null,
       native: false } ],
  [Symbol(level)]: 'error' }
